Waf: Entering directory `/home/mo/src/ardupilot/build/px4-v4'
[ 5/14] Processing modules/mavlink/message_definitions/v1.0/ardupilotmega.xml
[ 6/14] Creating build/px4-v4/ap_version.h
[ 7/14] CMake Configure px4
[ 8/14] PX4: Copying oreoled.bin to px4-extra-files/ROMFS/firmware/oreoled.bin
[ 9/14] PX4: Copying rc.APM to px4-extra-files/ROMFS/init.d/rc.APM
[10/14] PX4: Copying rc.error to px4-extra-files/ROMFS/init.d/rc.error
[11/14] PX4: Copying rcS to px4-extra-files/ROMFS/init.d/rcS
[12/14] PX4: Copying px4fmuv4_bl.bin to px4-extra-files/ROMFS/bootloader/fmu_bl.bin
-- nuttx-px4fmu-v4-apm
-- could not find gdbtui
-- could not find ddd
-- could not find gdbtui
-- could not find ddd
-- The ASM compiler identification is GNU
-- Found assembler: /home/mo/gcc-arm-none-eabi-5_4-2016q2/bin/arm-none-eabi-gcc
-- Found PythonInterp: /usr/bin/python (found version "2.7.12") 
-- CMAKE_BUILD_TYPE	: RelWithDebInfo : Build type.
-- CMAKE_CXX_FLAGS	: -g -fno-exceptions -fno-rtti -std=gnu++0x -fno-threadsafe-statics -DCONFIG_WCHAR_BUILTIN -D__CUSTOM_FILE_IO__ -Wall -Werror -Wextra -Wno-sign-compare -Wfloat-equal -Wpointer-arith -Wmissing-declarations -Wno-unused-parameter -Werror=format-security -Werror=array-bounds -Wfatal-errors -Werror=unused-variable -Werror=reorder -Werror=uninitialized -Werror=init-self -Wframe-larger-than=1024 -Werror=unused-but-set-variable -Wformat=1 -Wdouble-promotion -Werror=double-promotion -Wno-missing-field-initializers -Os -fno-strict-aliasing -fomit-frame-pointer -funsafe-math-optimizations -ffunction-sections -fdata-sections -fno-strength-reduce -fno-builtin-printf -fvisibility=hidden -include visibility.h -mcpu=cortex-m4 -mthumb -march=armv7e-m -mfpu=fpv4-sp-d16 -mfloat-abi=hard -nodefaultlibs -nostdlib -Wno-error=double-promotion -Wno-error=reorder -DCMAKE_BUILD -DARDUPILOT_BUILD -I/home/mo/src/ardupilot/build/px4-v4/libraries/GCS_MAVLink -I/home/mo/src/ardupilot/build/px4-v4/libraries/GCS_MAVLink/include/mavlink -Wl,--gc-sections : C++ flags.
-- CMAKE_C_FLAGS	: -g -std=gnu99 -fno-common -Wall -Werror -Wextra -Wno-sign-compare -Wfloat-equal -Wpointer-arith -Wmissing-declarations -Wno-unused-parameter -Werror=format-security -Werror=array-bounds -Wfatal-errors -Werror=unused-variable -Werror=reorder -Werror=uninitialized -Werror=init-self -Wframe-larger-than=1024 -Werror=unused-but-set-variable -Wformat=1 -Wdouble-promotion -Werror=double-promotion -Wbad-function-cast -Wstrict-prototypes -Wmissing-prototypes -Wnested-externs -Wold-style-declaration -Wmissing-parameter-type -Os -fno-strict-aliasing -fomit-frame-pointer -funsafe-math-optimizations -ffunction-sections -fdata-sections -fno-strength-reduce -fno-builtin-printf -fvisibility=hidden -include visibility.h -mcpu=cortex-m4 -mthumb -march=armv7e-m -mfpu=fpv4-sp-d16 -mfloat-abi=hard -nodefaultlibs -nostdlib -DCMAKE_BUILD : C flags.
-- UAVCAN_USE_CPP03	: ON : Use C++03 standard.
-- UAVCAN_PLATFORM	: stm32 : Platform.
-- CONTINUOUS_INTEGRATION_BUILD	: OFF : Disable error redirection and timing tests
-- Debug build: 0
running build
running build_py
running build_scripts
-- Using C++03
-- Release build type: RelWithDebInfo
-- Adding STM32 platform driver
-- GIT_DESC = de6b667d1d1c621e23ab614dba7a4b3a23a47d62
-- Configuring done
-- Generating done
-- Build files have been written to: /home/mo/src/ardupilot/build/px4-v4/modules/PX4Firmware
[13/14] CMake Build px4 msg_gen
Scanning dependencies of target git_genmsg
[  0%] Generating git_init_Tools_genmsg.stamp
[  0%] Built target git_genmsg
Scanning dependencies of target git_gencpp
[100%] Generating git_init_Tools_gencpp.stamp
[100%] Built target git_gencpp
Scanning dependencies of target msg_gen
[100%] Generating uORB topic multi headers for nuttx
Validating /home/mo/src/ardupilot/modules/mavlink/message_definitions/v1.0/ardupilotmega.xml
Parsing /home/mo/src/ardupilot/modules/mavlink/message_definitions/v1.0/ardupilotmega.xml
Note: message DATA64 is longer than 64 bytes long (74 bytes), which can cause fragmentation since many radio modems use 64 bytes as maximum air transfer unit.
Note: message DATA96 is longer than 64 bytes long (106 bytes), which can cause fragmentation since many radio modems use 64 bytes as maximum air transfer unit.
Note: message REMOTE_LOG_DATA_BLOCK is longer than 64 bytes long (214 bytes), which can cause fragmentation since many radio modems use 64 bytes as maximum air transfer unit.
Validating /home/mo/src/ardupilot/modules/mavlink/message_definitions/v1.0/common.xml
Parsing /home/mo/src/ardupilot/modules/mavlink/message_definitions/v1.0/common.xml
Note: message GPS_STATUS is longer than 64 bytes long (109 bytes), which can cause fragmentation since many radio modems use 64 bytes as maximum air transfer unit.
Note: message ATTITUDE_QUATERNION_COV is longer than 64 bytes long (76 bytes), which can cause fragmentation since many radio modems use 64 bytes as maximum air transfer unit.
Note: message GLOBAL_POSITION_INT_COV is longer than 64 bytes long (193 bytes), which can cause fragmentation since many radio modems use 64 bytes as maximum air transfer unit.
Note: message LOCAL_POSITION_NED_COV is longer than 64 bytes long (237 bytes), which can cause fragmentation since many radio modems use 64 bytes as maximum air transfer unit.
Note: message HIL_ACTUATOR_CONTROLS is longer than 64 bytes long (89 bytes), which can cause fragmentation since many radio modems use 64 bytes as maximum air transfer unit.
Note: message HIGHRES_IMU is longer than 64 bytes long (70 bytes), which can cause fragmentation since many radio modems use 64 bytes as maximum air transfer unit.
Note: message HIL_SENSOR is longer than 64 bytes long (72 bytes), which can cause fragmentation since many radio modems use 64 bytes as maximum air transfer unit.
Note: message SIM_STATE is longer than 64 bytes long (92 bytes), which can cause fragmentation since many radio modems use 64 bytes as maximum air transfer unit.
Note: message FILE_TRANSFER_PROTOCOL is longer than 64 bytes long (262 bytes), which can cause fragmentation since many radio modems use 64 bytes as maximum air transfer unit.
Note: message HIL_STATE_QUATERNION is longer than 64 bytes long (72 bytes), which can cause fragmentation since many radio modems use 64 bytes as maximum air transfer unit.
Note: message LOG_DATA is longer than 64 bytes long (105 bytes), which can cause fragmentation since many radio modems use 64 bytes as maximum air transfer unit.
Note: message GPS_INJECT_DATA is longer than 64 bytes long (121 bytes), which can cause fragmentation since many radio modems use 64 bytes as maximum air transfer unit.
Note: message SERIAL_CONTROL is longer than 64 bytes long (87 bytes), which can cause fragmentation since many radio modems use 64 bytes as maximum air transfer unit.
Note: message ENCAPSULATED_DATA is longer than 64 bytes long (263 bytes), which can cause fragmentation since many radio modems use 64 bytes as maximum air transfer unit.
Note: message RESOURCE_REQUEST is longer than 64 bytes long (251 bytes), which can cause fragmentation since many radio modems use 64 bytes as maximum air transfer unit.
Note: message FOLLOW_TARGET is longer than 64 bytes long (101 bytes), which can cause fragmentation since many radio modems use 64 bytes as maximum air transfer unit.
Note: message CONTROL_SYSTEM_STATE is longer than 64 bytes long (108 bytes), which can cause fragmentation since many radio modems use 64 bytes as maximum air transfer unit.
Note: message AUTOPILOT_VERSION is longer than 64 bytes long (68 bytes), which can cause fragmentation since many radio modems use 64 bytes as maximum air transfer unit.
Note: message GPS_INPUT is longer than 64 bytes long (71 bytes), which can cause fragmentation since many radio modems use 64 bytes as maximum air transfer unit.
Note: message GPS_RTCM_DATA is longer than 64 bytes long (190 bytes), which can cause fragmentation since many radio modems use 64 bytes as maximum air transfer unit.
Note: message V2_EXTENSION is longer than 64 bytes long (262 bytes), which can cause fragmentation since many radio modems use 64 bytes as maximum air transfer unit.
Validating /home/mo/src/ardupilot/modules/mavlink/message_definitions/v1.0/uAvionix.xml
Parsing /home/mo/src/ardupilot/modules/mavlink/message_definitions/v1.0/uAvionix.xml
Merged enum MAV_CMD
Found 190 MAVLink message types in 3 XML files
Generating C implementation in directory /home/mo/src/ardupilot/build/px4-v4/libraries/GCS_MAVLink/include/mavlink/v2.0/ardupilotmega
Generating C implementation in directory /home/mo/src/ardupilot/build/px4-v4/libraries/GCS_MAVLink/include/mavlink/v2.0/common
Generating C implementation in directory /home/mo/src/ardupilot/build/px4-v4/libraries/GCS_MAVLink/include/mavlink/v2.0/uAvionix
Copying fixed headers for protocol 2.0 to /home/mo/src/ardupilot/build/px4-v4/libraries/GCS_MAVLink/include/mavlink/v2.0

[100%] Generating uORB topic headers
[100%] Built target msg_gen
[14/14] CMake Build px4 prebuild_targets
Scanning dependencies of target __nuttx_patch_px4fmu-v4
[  0%] Built target __nuttx_patch_px4fmu-v4
Scanning dependencies of target __nuttx_copy_px4fmu-v4
[  0%] Generating nuttx_copy_px4fmu-v4.stamp
[  0%] Built target __nuttx_copy_px4fmu-v4
Scanning dependencies of target nuttx_export_px4fmu-v4
[  0%] Generating px4fmu-v4.export
Configuring NuttX for px4fmu-v4
Exporting NuttX for px4fmu-v4
[100%] Generating nuttx_export_px4fmu-v4.stamp
[100%] Built target nuttx_export_px4fmu-v4
Scanning dependencies of target prebuild_targets
[100%] Built target prebuild_targets
[294/643] Compiling ArduCopter/AP_Rally.cpp
[295/643] Compiling ArduCopter/AP_State.cpp
[296/643] Compiling ArduCopter/ArduCopter.cpp
[297/643] Compiling ArduCopter/Attitude.cpp
[298/643] Compiling ArduCopter/Copter.cpp
[299/643] Compiling ArduCopter/GCS_Mavlink.cpp
[300/643] Compiling ArduCopter/Log.cpp
[301/643] Compiling ArduCopter/Parameters.cpp
[302/643] Compiling ArduCopter/UserCode.cpp
[303/643] Compiling ArduCopter/afs_copter.cpp
[304/643] Compiling ArduCopter/arming_checks.cpp
[305/643] Compiling ArduCopter/avoidance_adsb.cpp
[306/643] Compiling ArduCopter/baro_ground_effect.cpp
[307/643] Compiling ArduCopter/capabilities.cpp
[308/643] Compiling ArduCopter/commands.cpp
[309/643] Compiling ArduCopter/commands_logic.cpp
[310/643] Compiling ArduCopter/compassmot.cpp
[311/643] Compiling ArduCopter/compat.cpp
[312/643] Compiling ArduCopter/control_acro.cpp
[313/643] Compiling ArduCopter/control_althold.cpp
[314/643] Compiling ArduCopter/control_auto.cpp
[315/643] Compiling ArduCopter/control_autotune.cpp
[316/643] Compiling ArduCopter/control_avoid_adsb.cpp
[317/643] Compiling ArduCopter/control_brake.cpp
[318/643] Compiling ArduCopter/control_circle.cpp
[319/643] Compiling ArduCopter/control_drift.cpp
[320/643] Compiling ArduCopter/control_flip.cpp
[321/643] Compiling ArduCopter/control_guided.cpp
[322/643] Compiling ArduCopter/control_guided_nogps.cpp
[323/643] Compiling ArduCopter/control_land.cpp
[324/643] Compiling ArduCopter/control_loiter.cpp
[325/643] Compiling ArduCopter/control_poshold.cpp
[326/643] Compiling ArduCopter/control_rtl.cpp
[327/643] Compiling ArduCopter/control_sport.cpp
[328/643] Compiling ArduCopter/control_stabilize.cpp
[329/643] Compiling ArduCopter/control_throw.cpp
[330/643] Compiling ArduCopter/crash_check.cpp
[331/643] Compiling ArduCopter/ekf_check.cpp
[332/643] Compiling ArduCopter/esc_calibration.cpp
[333/643] Compiling ArduCopter/events.cpp
[334/643] Compiling ArduCopter/failsafe.cpp
[335/643] Compiling ArduCopter/fence.cpp
[336/643] Compiling ArduCopter/flight_mode.cpp
[337/643] Compiling ArduCopter/heli.cpp
[338/643] Compiling ArduCopter/heli_control_acro.cpp
[339/643] Compiling ArduCopter/heli_control_stabilize.cpp
[340/643] Compiling ArduCopter/inertia.cpp
[341/643] Compiling ArduCopter/land_detector.cpp
[342/643] Compiling ArduCopter/landing_gear.cpp
[343/643] Compiling ArduCopter/leds.cpp
[344/643] Compiling ArduCopter/motor_test.cpp
[345/643] Compiling ArduCopter/motors.cpp
[346/643] Compiling ArduCopter/navigation.cpp
[347/643] Compiling ArduCopter/perf_info.cpp
[348/643] Compiling ArduCopter/position_vector.cpp
[349/643] Compiling ArduCopter/precision_landing.cpp
[350/643] Compiling ArduCopter/radio.cpp
[351/643] Compiling ArduCopter/sensors.cpp
[352/643] Compiling ArduCopter/setup.cpp
[353/643] Compiling ArduCopter/switches.cpp
[354/643] Compiling ArduCopter/system.cpp
[355/643] Compiling ArduCopter/takeoff.cpp
[356/643] Compiling ArduCopter/terrain.cpp
[357/643] Compiling ArduCopter/test.cpp
[358/643] Compiling ArduCopter/tuning.cpp
[359/643] CMake Configure px4
-- nuttx-px4fmu-v4-apm
-- could not find gdbtui
-- could not find ddd
-- Found PythonInterp: /usr/bin/python (found version "2.7.12") 
-- CMAKE_BUILD_TYPE	: RelWithDebInfo : Build type.
-- CMAKE_CXX_FLAGS	: -g -fno-exceptions -fno-rtti -std=gnu++0x -fno-threadsafe-statics -DCONFIG_WCHAR_BUILTIN -D__CUSTOM_FILE_IO__ -Wall -Werror -Wextra -Wno-sign-compare -Wfloat-equal -Wpointer-arith -Wmissing-declarations -Wno-unused-parameter -Werror=format-security -Werror=array-bounds -Wfatal-errors -Werror=unused-variable -Werror=reorder -Werror=uninitialized -Werror=init-self -Wframe-larger-than=1024 -Werror=unused-but-set-variable -Wformat=1 -Wdouble-promotion -Werror=double-promotion -Wno-missing-field-initializers -Os -fno-strict-aliasing -fomit-frame-pointer -funsafe-math-optimizations -ffunction-sections -fdata-sections -fno-strength-reduce -fno-builtin-printf -fvisibility=hidden -include visibility.h -mcpu=cortex-m4 -mthumb -march=armv7e-m -mfpu=fpv4-sp-d16 -mfloat-abi=hard -nodefaultlibs -nostdlib -Wno-error=double-promotion -Wno-error=reorder -DCMAKE_BUILD -DARDUPILOT_BUILD -I/home/mo/src/ardupilot/build/px4-v4/libraries/GCS_MAVLink -I/home/mo/src/ardupilot/build/px4-v4/libraries/GCS_MAVLink/include/mavlink -Wl,--gc-sections : C++ flags.
-- CMAKE_C_FLAGS	: -g -std=gnu99 -fno-common -Wall -Werror -Wextra -Wno-sign-compare -Wfloat-equal -Wpointer-arith -Wmissing-declarations -Wno-unused-parameter -Werror=format-security -Werror=array-bounds -Wfatal-errors -Werror=unused-variable -Werror=reorder -Werror=uninitialized -Werror=init-self -Wframe-larger-than=1024 -Werror=unused-but-set-variable -Wformat=1 -Wdouble-promotion -Werror=double-promotion -Wbad-function-cast -Wstrict-prototypes -Wmissing-prototypes -Wnested-externs -Wold-style-declaration -Wmissing-parameter-type -Os -fno-strict-aliasing -fomit-frame-pointer -funsafe-math-optimizations -ffunction-sections -fdata-sections -fno-strength-reduce -fno-builtin-printf -fvisibility=hidden -include visibility.h -mcpu=cortex-m4 -mthumb -march=armv7e-m -mfpu=fpv4-sp-d16 -mfloat-abi=hard -nodefaultlibs -nostdlib -DCMAKE_BUILD : C flags.
-- UAVCAN_USE_CPP03	: ON : Use C++03 standard.
-- UAVCAN_PLATFORM	: stm32 : Platform.
-- CONTINUOUS_INTEGRATION_BUILD	: OFF : Disable error redirection and timing tests
-- Debug build: 0
[360/643] Compiling libraries/AP_HAL_PX4/Storage.cpp
running build
running build_py
running build_scripts
-- Using C++03
-- Release build type: RelWithDebInfo
-- Adding STM32 platform driver
-- GIT_DESC = de6b667d1d1c621e23ab614dba7a4b3a23a47d62
-- Configuring done
[361/643] Compiling libraries/AP_Avoidance/AP_Avoidance.cpp
-- Generating done
[362/643] Compiling libraries/AP_ADSB/AP_ADSB.cpp
-- Build files have been written to: /home/mo/src/ardupilot/build/px4-v4/modules/PX4Firmware
[363/643] Compiling libraries/AP_Scheduler/AP_Scheduler.cpp
[364/643] Compiling libraries/AP_Rally/AP_Rally.cpp
[365/643] Compiling libraries/AP_NavEKF/AP_NavEKF_core.cpp
[366/643] Compiling libraries/AP_NavEKF/AP_NavEKF.cpp
[367/643] Compiling libraries/AP_Mission/AP_Mission.cpp
[368/643] Compiling libraries/AP_InertialSensor/AP_InertialSensor.cpp
[369/643] Compiling libraries/AP_BattMonitor/AP_BattMonitor.cpp
[370/643] Compiling libraries/AP_AccelCal/AP_AccelCal.cpp
[371/643] Compiling libraries/AP_HAL_PX4/RCInput.cpp
[372/643] Compiling libraries/AP_HAL_PX4/NSHShellStream.cpp
[373/643] Compiling libraries/AP_HAL_PX4/GPIO.cpp
[374/643] Compiling libraries/AP_HAL_Empty/UARTDriver.cpp
[375/643] Compiling libraries/AP_HAL_Empty/Semaphores.cpp
[376/643] Compiling libraries/AP_HAL_Empty/HAL_Empty_Class.cpp
[377/643] Compiling libraries/AP_HAL_Empty/AnalogIn.cpp
[378/643] Compiling libraries/AP_HAL/utility/sumd.cpp
[379/643] Compiling libraries/AP_HAL/utility/st24.cpp
[380/643] Compiling libraries/AP_HAL/utility/dsm.cpp
[381/643] Compiling libraries/AP_HAL/utility/Socket.cpp
[382/643] Compiling libraries/AP_HAL/utility/Print.cpp
[383/643] Compiling libraries/AP_HAL/HAL.cpp
[384/643] Compiling libraries/StorageManager/StorageManager.cpp
[385/643] Compiling libraries/RC_Channel/SRV_Channel.cpp
[386/643] Compiling libraries/RC_Channel/RC_Channel_aux.cpp
[387/643] Compiling libraries/GCS_MAVLink/GCS_serial_control.cpp
[388/643] Compiling libraries/GCS_MAVLink/GCS_Signing.cpp
[389/643] Compiling libraries/GCS_MAVLink/GCS_MAVLink.cpp
[390/643] Compiling libraries/DataFlash/DataFlash_MAVLink.cpp
[391/643] Compiling libraries/DataFlash/DataFlash_File.cpp
[392/643] Compiling libraries/DataFlash/DataFlash_Backend.cpp
[393/643] Compiling libraries/DataFlash/DFMessageWriter.cpp
[394/643] Compiling libraries/AP_Terrain/TerrainIO.cpp
[395/643] Compiling libraries/AP_Terrain/TerrainGCS.cpp
[396/643] Compiling libraries/AP_SerialManager/AP_SerialManager.cpp
[397/643] Compiling libraries/AP_Relay/AP_Relay.cpp
[398/643] Compiling libraries/AP_RangeFinder/AP_RangeFinder_PulsedLightLRF.cpp
[399/643] Compiling libraries/AP_RangeFinder/AP_RangeFinder_PX4_PWM.cpp
[400/643] Compiling libraries/AP_RangeFinder/AP_RangeFinder_LeddarOne.cpp
[401/643] Compiling libraries/AP_RangeFinder/AP_RangeFinder_BBB_PRU.cpp
[402/643] Compiling libraries/AP_RSSI/AP_RSSI.cpp
[403/643] Compiling libraries/AP_RPM/RPM_SITL.cpp
[404/643] Compiling libraries/AP_RPM/RPM_PX4_PWM.cpp
[405/643] Compiling libraries/AP_RPM/RPM_Backend.cpp
[406/643] Compiling libraries/AP_RPM/AP_RPM.cpp
[407/643] Compiling libraries/AP_OpticalFlow/OpticalFlow_backend.cpp
[408/643] Compiling libraries/AP_OpticalFlow/AP_OpticalFlow_Onboard.cpp
[409/643] Compiling libraries/AP_OpticalFlow/AP_OpticalFlow_HIL.cpp
[410/643] Compiling libraries/AP_Notify/ToshibaLED_I2C.cpp
[411/643] Compiling libraries/AP_Notify/ToshibaLED.cpp
[412/643] Compiling libraries/AP_Notify/ToneAlarm_PX4_Solo.cpp
[413/643] Compiling libraries/AP_Notify/ToneAlarm_Linux.cpp
[414/643] Compiling libraries/AP_Notify/OreoLED_PX4.cpp
[415/643] Compiling libraries/AP_Notify/NavioLED_I2C.cpp
[416/643] Compiling libraries/AP_Notify/NavioLED.cpp
[417/643] Compiling libraries/AP_Notify/ExternalLED.cpp
[418/643] Compiling libraries/AP_Notify/Display_SSD1306_I2C.cpp
[419/643] Compiling libraries/AP_Notify/Display.cpp
[420/643] Compiling libraries/AP_Notify/AP_Notify.cpp
[421/643] Compiling libraries/AP_NavEKF2/AP_NavEKF2_core.cpp
[422/643] Compiling libraries/AP_NavEKF2/AP_NavEKF2_VehicleStatus.cpp
[423/643] Compiling libraries/AP_NavEKF2/AP_NavEKF2_Outputs.cpp
[424/643] Compiling libraries/AP_NavEKF2/AP_NavEKF2_OptFlowFusion.cpp
[425/643] Compiling libraries/AP_NavEKF2/AP_NavEKF2_MagFusion.cpp
[426/643] Compiling libraries/AP_Mount/SoloGimbal_Parameters.cpp
[427/643] Compiling libraries/AP_Mount/SoloGimbalEKF.cpp
[428/643] Compiling libraries/AP_Mount/SoloGimbal.cpp
[429/643] Compiling libraries/AP_Mount/AP_Mount_Servo.cpp
[430/643] Compiling libraries/AP_Mount/AP_Mount_SToRM32.cpp
[431/643] Compiling libraries/AP_Mount/AP_Mount_Backend.cpp
[432/643] Compiling libraries/AP_Motors/AP_Motors_Class.cpp
[433/643] Compiling libraries/AP_Motors/AP_MotorsSingle.cpp
[434/643] Compiling libraries/AP_Motors/AP_MotorsQuad.cpp
[435/643] Compiling libraries/AP_Motors/AP_MotorsOctaQuad.cpp
[436/643] Compiling libraries/AP_Motors/AP_MotorsOcta.cpp
[437/643] Compiling libraries/AP_Motors/AP_MotorsMatrix.cpp
[438/643] Compiling libraries/AP_Motors/AP_MotorsHexa.cpp
[439/643] Compiling libraries/AP_Motors/AP_MotorsCoax.cpp
[440/643] Compiling libraries/AP_Module/AP_Module.cpp
[441/643] Compiling libraries/AP_Math/vector3.cpp
[442/643] Compiling libraries/AP_Math/quaternion.cpp
[443/643] Compiling libraries/AP_Math/polygon.cpp
[444/643] Compiling libraries/AP_Math/matrix_alg.cpp
[445/643] Compiling libraries/AP_Math/matrix3.cpp
[446/643] Compiling libraries/AP_Math/edc.cpp
[447/643] Compiling libraries/AP_Math/AP_Math.cpp
[448/643] Compiling libraries/AP_Math/AP_GeodesicGrid.cpp
[449/643] Compiling libraries/AP_LandingGear/AP_LandingGear.cpp
[450/643] Compiling libraries/AP_InertialSensor/AP_InertialSensor_UserInteract_Stream.cpp
[451/643] Compiling libraries/AP_InertialSensor/AP_InertialSensor_UserInteract_MAVLink.cpp
[452/643] Compiling libraries/AP_InertialSensor/AP_InertialSensor_QURT.cpp
[453/643] Compiling libraries/AP_InertialSensor/AP_InertialSensor_MPU9250.cpp
[454/643] Compiling libraries/AP_InertialSensor/AP_InertialSensor_Backend.cpp
[455/643] Compiling libraries/AP_InertialSensor/AP_InertialSensor_BMI160.cpp
[456/643] Compiling libraries/AP_IRLock/IRLock.cpp
[457/643] Compiling libraries/AP_GPS/GPS_Backend.cpp
[458/643] Compiling libraries/AP_GPS/AP_GPS_UBLOX.cpp
[459/643] Compiling libraries/AP_GPS/AP_GPS_SBP.cpp
[460/643] Compiling libraries/AP_GPS/AP_GPS_SBF.cpp
[461/643] Compiling libraries/AP_GPS/AP_GPS_MTK.cpp
[462/643] Compiling libraries/AP_GPS/AP_GPS_MAV.cpp
[463/643] Compiling libraries/AP_GPS/AP_GPS_ERB.cpp
[464/643] Compiling libraries/AP_EPM/AP_EPM.cpp
[465/643] Compiling libraries/AP_Compass/Compass_learn.cpp
[466/643] Compiling libraries/AP_Compass/AP_Compass_qflight.cpp
[467/643] Compiling libraries/AP_Compass/AP_Compass_LSM9DS1.cpp
[468/643] Compiling libraries/AP_Compass/AP_Compass_HIL.cpp
[469/643] Compiling libraries/AP_Common/c++.cpp
[470/643] Compiling libraries/AP_Camera/AP_Camera.cpp
[471/643] Compiling libraries/AP_BoardConfig/AP_BoardConfig.cpp
[472/643] Compiling libraries/AP_BattMonitor/AP_BattMonitor_Bebop.cpp
[473/643] Compiling libraries/AP_BattMonitor/AP_BattMonitor_Analog.cpp
[474/643] Compiling libraries/AP_Baro/AP_Baro_PX4.cpp
[475/643] Compiling libraries/AP_Baro/AP_Baro_MS5611.cpp
[476/643] Compiling libraries/AP_Baro/AP_Baro_Backend.cpp
[477/643] Compiling libraries/AP_Airspeed/Airspeed_Calibration.cpp
[478/643] Compiling libraries/AP_Airspeed/AP_Airspeed_PX4.cpp
[479/643] Compiling libraries/AP_Airspeed/AP_Airspeed_I2C.cpp
[480/643] Compiling libraries/AP_Airspeed/AP_Airspeed.cpp
[481/643] Compiling libraries/AP_AccelCal/AccelCalibrator.cpp
[482/643] Compiling libraries/AP_AHRS/AP_AHRS_NavEKF.cpp
[483/643] Compiling libraries/AP_AHRS/AP_AHRS.cpp
[484/643] Compiling libraries/AP_ADC/AP_ADC_ADS1115.cpp
[485/643] Compiling libraries/AP_ADC/AP_ADC.cpp
[486/643] Compiling libraries/AC_WPNav/AC_WPNav.cpp
[487/643] Compiling libraries/AC_Sprayer/AC_Sprayer.cpp
[488/643] Compiling libraries/AC_PrecLand/AC_PrecLand_IRLock.cpp
[489/643] Compiling libraries/AC_PrecLand/AC_PrecLand_Companion.cpp
[490/643] Compiling libraries/AC_Fence/AC_PolyFence_loader.cpp
[491/643] Compiling libraries/AC_Avoidance/AC_Avoid.cpp
[492/643] Compiling libraries/AC_AttitudeControl/ControlMonitor.cpp
[493/643] Compiling libraries/AC_AttitudeControl/AC_PosControl.cpp
[494/643] Compiling libraries/AC_AttitudeControl/AC_AttitudeControl_Multi.cpp
[495/643] Compiling libraries/AC_AttitudeControl/AC_AttitudeControl_Heli.cpp
[496/643] Compiling libraries/AC_AttitudeControl/AC_AttitudeControl.cpp
[497/643] Compiling libraries/AC_Fence/AC_Fence.cpp
[498/643] Compiling libraries/AC_InputManager/AC_InputManager.cpp
[499/643] Compiling libraries/AC_InputManager/AC_InputManager_Heli.cpp
[500/643] Compiling libraries/AC_PID/AC_HELI_PID.cpp
[501/643] Compiling libraries/AC_PID/AC_P.cpp
[502/643] Compiling libraries/AC_PID/AC_PID.cpp
[503/643] Compiling libraries/AC_PID/AC_PI_2D.cpp
[504/643] Compiling libraries/AC_PrecLand/AC_PrecLand.cpp
[505/643] Compiling libraries/AC_PrecLand/PosVelEKF.cpp
[506/643] Compiling libraries/AC_WPNav/AC_Circle.cpp
[507/643] Compiling libraries/AP_AHRS/AP_AHRS_DCM.cpp
[508/643] Compiling libraries/AP_AdvancedFailsafe/AP_AdvancedFailsafe.cpp
[509/643] Compiling libraries/AP_Airspeed/AP_Airspeed_analog.cpp
[510/643] Compiling libraries/AP_Baro/AP_Baro.cpp
[511/643] Compiling libraries/AP_Baro/AP_Baro_BMP085.cpp
[512/643] Compiling libraries/AP_Baro/AP_Baro_HIL.cpp
[513/643] Compiling libraries/AP_Baro/AP_Baro_QURT.cpp
[514/643] Compiling libraries/AP_Baro/AP_Baro_qflight.cpp
[515/643] Compiling libraries/AP_BattMonitor/AP_BattMonitor_Backend.cpp
[516/643] Compiling libraries/AP_BattMonitor/AP_BattMonitor_SMBus_I2C.cpp
[517/643] Compiling libraries/AP_BattMonitor/AP_BattMonitor_SMBus_PX4.cpp
[518/643] Compiling libraries/AP_BoardConfig/px4_drivers.cpp
[519/643] Compiling libraries/AP_Button/AP_Button.cpp
[520/643] Compiling libraries/AP_Common/AP_Common.cpp
[521/643] Compiling libraries/AP_Common/Location.cpp
[522/643] Compiling libraries/AP_Compass/AP_Compass_AK8963.cpp
[523/643] Compiling libraries/AP_Compass/AP_Compass_BMM150.cpp
[524/643] Compiling libraries/AP_Compass/AP_Compass_Backend.cpp
[525/643] Compiling libraries/AP_Compass/AP_Compass_Calibration.cpp
[526/643] Compiling libraries/AP_Compass/AP_Compass_HMC5843.cpp
[527/643] Compiling libraries/AP_Compass/AP_Compass_LSM303D.cpp
[528/643] Compiling libraries/AP_Compass/AP_Compass_PX4.cpp
[529/643] Compiling libraries/AP_Compass/AP_Compass_QURT.cpp
[530/643] Compiling libraries/AP_Compass/CompassCalibrator.cpp
[531/643] Compiling libraries/AP_Declination/AP_Declination.cpp
[532/643] Compiling libraries/AP_Frsky_Telem/AP_Frsky_Telem.cpp
[533/643] Compiling libraries/AP_GPS/AP_GPS.cpp
[534/643] Compiling libraries/AP_GPS/AP_GPS_GSOF.cpp
[535/643] Compiling libraries/AP_GPS/AP_GPS_MTK19.cpp
[536/643] Compiling libraries/AP_GPS/AP_GPS_NMEA.cpp
[537/643] Compiling libraries/AP_GPS/AP_GPS_NOVA.cpp
[538/643] Compiling libraries/AP_GPS/AP_GPS_PX4.cpp
[539/643] Compiling libraries/AP_GPS/AP_GPS_QURT.cpp
[540/643] Compiling libraries/AP_GPS/AP_GPS_SIRF.cpp
[541/643] Compiling libraries/AP_ICEngine/AP_ICEngine.cpp
[542/643] Compiling libraries/AP_IRLock/AP_IRLock_PX4.cpp
[543/643] Compiling libraries/AP_IRLock/AP_IRLock_SITL.cpp
[544/643] Compiling libraries/AP_InertialNav/AP_InertialNav_NavEKF.cpp
[545/643] Compiling libraries/AP_InertialSensor/AP_InertialSensor_HIL.cpp
[546/643] Compiling libraries/AP_InertialSensor/AP_InertialSensor_L3G4200D.cpp
[547/643] Compiling libraries/AP_InertialSensor/AP_InertialSensor_LSM9DS0.cpp
[548/643] Compiling libraries/AP_InertialSensor/AP_InertialSensor_MPU6000.cpp
[549/643] Compiling libraries/AP_InertialSensor/AP_InertialSensor_PX4.cpp
[550/643] Compiling libraries/AP_InertialSensor/AP_InertialSensor_SITL.cpp
[551/643] Compiling libraries/AP_InertialSensor/AP_InertialSensor_qflight.cpp
[552/643] Compiling libraries/AP_InertialSensor/AuxiliaryBus.cpp
[553/643] Compiling libraries/AP_Math/location.cpp
[554/643] Compiling libraries/AP_Math/vector2.cpp
[555/643] Compiling libraries/AP_Menu/AP_Menu.cpp
[556/643] Compiling libraries/AP_Motors/AP_MotorsHeli.cpp
[557/643] Compiling libraries/AP_Motors/AP_MotorsHeli_RSC.cpp
[558/643] Compiling libraries/AP_Motors/AP_MotorsHeli_Single.cpp
[559/643] Compiling libraries/AP_Motors/AP_MotorsMulticopter.cpp
[560/643] Compiling libraries/AP_Motors/AP_MotorsTri.cpp
[561/643] Compiling libraries/AP_Motors/AP_MotorsY6.cpp
[562/643] Compiling libraries/AP_Mount/AP_Mount.cpp
[563/643] Compiling libraries/AP_Mount/AP_Mount_Alexmos.cpp
[564/643] Compiling libraries/AP_Mount/AP_Mount_SToRM32_serial.cpp
[565/643] Compiling libraries/AP_Mount/AP_Mount_SoloGimbal.cpp
[566/643] Compiling libraries/AP_NavEKF2/AP_NavEKF2_AirDataFusion.cpp
[567/643] Compiling libraries/AP_NavEKF2/AP_NavEKF2_Control.cpp
[568/643] Compiling libraries/AP_NavEKF2/AP_NavEKF2_Measurements.cpp
[569/643] Compiling libraries/AP_NavEKF2/AP_NavEKF2_PosVelFusion.cpp
[570/643] Compiling libraries/AP_NavEKF2/AP_NavEKF_GyroBias.cpp
[571/643] Compiling libraries/AP_Notify/AP_BoardLED.cpp
[572/643] Compiling libraries/AP_Notify/Buzzer.cpp
[573/643] Compiling libraries/AP_Notify/DiscreteRGBLed.cpp
[574/643] Compiling libraries/AP_Notify/RCOutputRGBLed.cpp
[575/643] Compiling libraries/AP_Notify/RGBLed.cpp
[576/643] Compiling libraries/AP_Notify/ToneAlarm_PX4.cpp
[577/643] Compiling libraries/AP_Notify/ToshibaLED_PX4.cpp
[578/643] Compiling libraries/AP_Notify/VRBoard_LED.cpp
[579/643] Compiling libraries/AP_OpticalFlow/AP_OpticalFlow_Linux.cpp
[580/643] Compiling libraries/AP_OpticalFlow/AP_OpticalFlow_PX4.cpp
[581/643] Compiling libraries/AP_OpticalFlow/OpticalFlow.cpp
[582/643] Compiling libraries/AP_Parachute/AP_Parachute.cpp
[583/643] Compiling libraries/AP_Param/AP_Param.cpp
[584/643] Compiling libraries/AP_Proximity/AP_Proximity.cpp
[585/643] Compiling libraries/AP_Proximity/AP_Proximity_Backend.cpp
[586/643] Compiling libraries/AP_Proximity/AP_Proximity_LightWareSF40C.cpp
[587/643] Compiling libraries/AP_RCMapper/AP_RCMapper.cpp
[588/643] Compiling libraries/AP_RangeFinder/AP_RangeFinder_Bebop.cpp
[589/643] Compiling libraries/AP_RangeFinder/AP_RangeFinder_LightWareI2C.cpp
[590/643] Compiling libraries/AP_RangeFinder/AP_RangeFinder_LightWareSerial.cpp
[591/643] Compiling libraries/AP_RangeFinder/AP_RangeFinder_MAVLink.cpp
[592/643] Compiling libraries/AP_RangeFinder/AP_RangeFinder_MaxsonarI2CXL.cpp
[593/643] Compiling libraries/AP_RangeFinder/AP_RangeFinder_PX4.cpp
[594/643] Compiling libraries/AP_RangeFinder/AP_RangeFinder_analog.cpp
[595/643] Compiling libraries/AP_RangeFinder/RangeFinder.cpp
[596/643] Compiling libraries/AP_RangeFinder/RangeFinder_Backend.cpp
[597/643] Compiling libraries/AP_ServoRelayEvents/AP_ServoRelayEvents.cpp
[598/643] Compiling libraries/AP_Terrain/AP_Terrain.cpp
[599/643] Compiling libraries/AP_Terrain/TerrainMission.cpp
[600/643] Compiling libraries/AP_Terrain/TerrainUtil.cpp
[601/643] Compiling libraries/AP_Tuning/AP_Tuning.cpp
[602/643] Compiling libraries/DataFlash/DataFlash.cpp
[603/643] Compiling libraries/DataFlash/DataFlash_Block.cpp
[604/643] Compiling libraries/DataFlash/DataFlash_SITL.cpp
[605/643] Compiling libraries/DataFlash/LogFile.cpp
[606/643] Compiling libraries/Filter/DerivativeFilter.cpp
[607/643] Compiling libraries/Filter/LowPassFilter.cpp
[608/643] Compiling libraries/Filter/LowPassFilter2p.cpp
[609/643] Compiling libraries/GCS_MAVLink/GCS_Common.cpp
[610/643] Compiling libraries/GCS_MAVLink/GCS_Logs.cpp
[611/643] Compiling libraries/GCS_MAVLink/MAVLink_routing.cpp
[612/643] Compiling libraries/RC_Channel/RC_Channel.cpp
[613/643] Compiling libraries/AP_HAL/UARTDriver.cpp
[614/643] Compiling libraries/AP_HAL/Util.cpp
[615/643] Compiling libraries/AP_HAL/utility/RingBuffer.cpp
[616/643] Compiling libraries/AP_HAL/utility/ftoa_engine.cpp
[617/643] Compiling libraries/AP_HAL/utility/getopt_cpp.cpp
[618/643] Compiling libraries/AP_HAL/utility/print_vprintf.cpp
[619/643] Compiling libraries/AP_HAL/utility/srxl.cpp
[620/643] Compiling libraries/AP_HAL/utility/utoa_invert.cpp
[621/643] Compiling libraries/AP_HAL_Empty/GPIO.cpp
[622/643] Compiling libraries/AP_HAL_Empty/PrivateMember.cpp
[623/643] Compiling libraries/AP_HAL_Empty/RCInput.cpp
[624/643] Compiling libraries/AP_HAL_Empty/RCOutput.cpp
[625/643] Compiling libraries/AP_HAL_Empty/Scheduler.cpp
[626/643] Compiling libraries/AP_HAL_Empty/Storage.cpp
[627/643] Compiling libraries/AP_HAL_PX4/AnalogIn.cpp
[628/643] Compiling libraries/AP_HAL_PX4/I2CDevice.cpp
[629/643] Compiling libraries/AP_HAL_PX4/RCOutput.cpp
[630/643] Compiling libraries/AP_HAL_PX4/Scheduler.cpp
[631/643] Compiling libraries/AP_HAL_PX4/Semaphores.cpp
[632/643] Compiling libraries/AP_HAL_PX4/UARTDriver.cpp
[633/643] Compiling libraries/AP_HAL_PX4/Util.cpp
[634/643] Compiling libraries/AP_HAL_PX4/px4_param.cpp
[635/643] Compiling libraries/AP_HAL_PX4/system.cpp
[636/643] Compiling libraries/AP_Compass/AP_Compass.cpp
[637/643] Compiling libraries/AP_NavEKF2/AP_NavEKF2.cpp
[638/643] Compiling libraries/AP_HAL_PX4/HAL_PX4_Class.cpp
[639/643] Linking build/px4-v4/lib/libArduCopter_libs.a
[640/643] Linking build/px4-v4/lib/bin/libarducopter-quad.a
[641/643] CMake Build px4 build_firmware_px4fmu-v4
[  1%] Generating romfs.o
Scanning source path /home/mo/src/ardupilot/build/px4-v4/modules/PX4Firmware/tmp/custom-ROMFS/init.d
Creating start script /home/mo/src/ardupilot/build/px4-v4/modules/PX4Firmware/tmp/custom-ROMFS/init.d/rc.autostart
All done!
Pruning ROMFS files.
Scanning dependencies of target romfs
[  1%] Linking C static library libromfs.a
[  1%] Built target romfs
Scanning dependencies of target __nuttx_patch_px4fmu-v4
[  1%] Built target __nuttx_patch_px4fmu-v4
Scanning dependencies of target __nuttx_copy_px4fmu-v4
[  1%] Built target __nuttx_copy_px4fmu-v4
Scanning dependencies of target nuttx_export_px4fmu-v4
[  2%] Built target nuttx_export_px4fmu-v4
Scanning dependencies of target prebuild_targets
[  2%] Built target prebuild_targets
Scanning dependencies of target git_genmsg
[  2%] Built target git_genmsg
Scanning dependencies of target git_gencpp
[  3%] Built target git_gencpp
Scanning dependencies of target msg_gen
[  3%] Built target msg_gen
Scanning dependencies of target git_mavlink
[  3%] Generating git_init_mavlink_include_mavlink_v1.0.stamp
[  3%] Built target git_mavlink
Scanning dependencies of target git_uavcan
[  4%] Generating git_init_src_modules_uavcan_libuavcan.stamp
[  4%] Built target git_uavcan
Scanning dependencies of target git_matrix
[  5%] Generating git_init_src_lib_matrix.stamp
[  5%] Built target git_matrix
Scanning dependencies of target platforms__common
[  6%] Building C object src/platforms/common/CMakeFiles/platforms__common.dir/px4_getopt.c.obj
[  6%] Linking C static library libplatforms__common.a
[  6%] Built target platforms__common
Scanning dependencies of target platforms__nuttx
[  7%] Building CXX object src/platforms/nuttx/CMakeFiles/platforms__nuttx.dir/px4_nuttx_impl.cpp.obj
[  7%] Linking CXX static library libplatforms__nuttx.a
[  7%] Built target platforms__nuttx
Scanning dependencies of target platforms__nuttx__px4_layer
[  8%] Building C object src/platforms/nuttx/px4_layer/CMakeFiles/platforms__nuttx__px4_layer.dir/px4_nuttx_tasks.c.obj
[  8%] Building C object src/platforms/nuttx/px4_layer/CMakeFiles/platforms__nuttx__px4_layer.dir/__/__/posix/px4_layer/px4_log.c.obj
[  8%] Linking C static library libplatforms__nuttx__px4_layer.a
[  8%] Built target platforms__nuttx__px4_layer
Scanning dependencies of target xml_gen
[  8%] Generating parameters.xml
Scanning source path /home/mo/src/ardupilot/modules/PX4Firmware/src
Creating XML file parameters.xml
All done!
[  9%] Generating airframes.xml
Scanning source path /home/mo/src/ardupilot/modules/PX4Firmware/ROMFS/px4fmu_common/init.d
Creating XML file airframes.xml
All done!
[  9%] Built target xml_gen
[ 10%] Generating px4_parameters.h, px4_parameters.c
Scanning dependencies of target modules__param
[ 10%] Building C object src/modules/param/CMakeFiles/modules__param.dir/px4_parameters.c.obj
[ 10%] Linking C static library libmodules__param.a
[ 10%] Built target modules__param
Scanning dependencies of target drivers__device
[ 11%] Building CXX object src/drivers/device/CMakeFiles/drivers__device.dir/ringbuffer.cpp.obj
[ 11%] Building CXX object src/drivers/device/CMakeFiles/drivers__device.dir/integrator.cpp.obj
[ 12%] Building CXX object src/drivers/device/CMakeFiles/drivers__device.dir/device_nuttx.cpp.obj
[ 12%] Building CXX object src/drivers/device/CMakeFiles/drivers__device.dir/cdev.cpp.obj
[ 13%] Building CXX object src/drivers/device/CMakeFiles/drivers__device.dir/i2c_nuttx.cpp.obj
[ 13%] Building CXX object src/drivers/device/CMakeFiles/drivers__device.dir/pio.cpp.obj
[ 13%] Building CXX object src/drivers/device/CMakeFiles/drivers__device.dir/spi.cpp.obj
[ 14%] Linking CXX static library libdrivers__device.a
[ 14%] Built target drivers__device
Scanning dependencies of target drivers__stm32
[ 14%] Building C object src/drivers/stm32/CMakeFiles/drivers__stm32.dir/drv_hrt.c.obj
[ 15%] Building C object src/drivers/stm32/CMakeFiles/drivers__stm32.dir/drv_io_timer.c.obj
[ 15%] Building C object src/drivers/stm32/CMakeFiles/drivers__stm32.dir/drv_pwm_servo.c.obj
[ 16%] Building C object src/drivers/stm32/CMakeFiles/drivers__stm32.dir/drv_input_capture.c.obj
[ 16%] Linking C static library libdrivers__stm32.a
[ 16%] Built target drivers__stm32
Scanning dependencies of target drivers__stm32__adc
[ 16%] Building CXX object src/drivers/stm32/adc/CMakeFiles/drivers__stm32__adc.dir/adc.cpp.obj
[ 17%] Linking CXX static library libdrivers__stm32__adc.a
[ 17%] Built target drivers__stm32__adc
Scanning dependencies of target drivers__stm32__tone_alarm
[ 17%] Building CXX object src/drivers/stm32/tone_alarm/CMakeFiles/drivers__stm32__tone_alarm.dir/tone_alarm.cpp.obj
[ 18%] Linking CXX static library libdrivers__stm32__tone_alarm.a
[ 18%] Built target drivers__stm32__tone_alarm
Scanning dependencies of target drivers__led
[ 19%] Building CXX object src/drivers/led/CMakeFiles/drivers__led.dir/led.cpp.obj
[ 19%] Linking CXX static library libdrivers__led.a
[ 19%] Built target drivers__led
Scanning dependencies of target drivers__px4fmu
[ 19%] Building CXX object src/drivers/px4fmu/CMakeFiles/drivers__px4fmu.dir/fmu.cpp.obj
src/drivers/px4fmu/CMakeFiles/drivers__px4fmu.dir/build.make:62: recipe for target 'src/drivers/px4fmu/CMakeFiles/drivers__px4fmu.dir/fmu.cpp.obj' failed
CMakeFiles/Makefile2:1309: recipe for target 'src/drivers/px4fmu/CMakeFiles/drivers__px4fmu.dir/all' failed
CMakeFiles/Makefile2:3794: recipe for target 'src/firmware/nuttx/CMakeFiles/build_firmware_px4fmu-v4.dir/rule' failed
Makefile:1276: recipe for target 'build_firmware_px4fmu-v4' failed
Waf: Leaving directory `/home/mo/src/ardupilot/build/px4-v4'
